2025. 01. 10. 22:58:47	This log contains information about the import schema operation into project 'NewsDB' on computer 'DESKTOP-KND8CR2' by user 'KomPhone'.
2025. 01. 10. 22:58:47	Import of database schema has started.
2025. 01. 10. 22:58:51	Gathering database credentials
2025. 01. 10. 22:58:51	Gathering database options
2025. 01. 10. 22:58:51	Gathering generic database scoped configuration option
2025. 01. 10. 22:58:51	Gathering users
2025. 01. 10. 22:58:51	Gathering roles
2025. 01. 10. 22:58:51	Gathering application roles
2025. 01. 10. 22:58:51	Gathering role memberships
2025. 01. 10. 22:58:51	Gathering filegroups
2025. 01. 10. 22:58:51	Gathering full-text catalogs
2025. 01. 10. 22:58:51	Gathering assemblies
2025. 01. 10. 22:58:51	Gathering certificates
2025. 01. 10. 22:58:51	Gathering asymmetric keys
2025. 01. 10. 22:58:51	Gathering symmetric keys
2025. 01. 10. 22:58:51	Gathering encrypted symmetric keys
2025. 01. 10. 22:58:51	Gathering schemas
2025. 01. 10. 22:58:51	Gathering XML schema collections
2025. 01. 10. 22:58:51	Gathering user-defined data types
2025. 01. 10. 22:58:51	Gathering user-defined types
2025. 01. 10. 22:58:51	Gathering table types
2025. 01. 10. 22:58:51	Gathering unique keys for table types
2025. 01. 10. 22:58:51	Gathering primary keys for table types
2025. 01. 10. 22:58:51	Gathering indexes for table types
2025. 01. 10. 22:58:51	Gathering check constraints for table types
2025. 01. 10. 22:58:51	Gathering default constraints for table types
2025. 01. 10. 22:58:51	Gathering partition functions
2025. 01. 10. 22:58:51	Gathering partition schemes
2025. 01. 10. 22:58:51	Gathering functions
2025. 01. 10. 22:58:51	Gathering encrypted functions
2025. 01. 10. 22:58:51	Gathering aggregates
2025. 01. 10. 22:58:51	Gathering procedures
2025. 01. 10. 22:58:51	Gathering encrypted procedures
2025. 01. 10. 22:58:51	Gathering tables
2025. 01. 10. 22:58:51	Gathering primary keys
2025. 01. 10. 22:58:51	Gathering unique constraints
2025. 01. 10. 22:58:51	Gathering foreign keys
2025. 01. 10. 22:58:51	Gathering default constraints
2025. 01. 10. 22:58:51	Gathering check constraints
2025. 01. 10. 22:58:51	Gathering views
2025. 01. 10. 22:58:51	Gathering encrypted views
2025. 01. 10. 22:58:51	Gathering indexes
2025. 01. 10. 22:58:51	Gathering statistics
2025. 01. 10. 22:58:51	Gathering full-text index stoplists
2025. 01. 10. 22:58:51	Gathering search property lists
2025. 01. 10. 22:58:51	Gathering search properties
2025. 01. 10. 22:58:51	Gathering full-text indexes
2025. 01. 10. 22:58:51	Gathering column store indexes
2025. 01. 10. 22:58:51	Gathering spatial indexes
2025. 01. 10. 22:58:51	Gathering XML indexes
2025. 01. 10. 22:58:51	Gathering Selective XML indexes
2025. 01. 10. 22:58:51	Gathering encrypted triggers
2025. 01. 10. 22:58:51	Gathering triggers
2025. 01. 10. 22:58:51	Gathering encrypted and clr ddl triggers
2025. 01. 10. 22:58:51	Gathering ddl triggers
2025. 01. 10. 22:58:51	Creating edge constraints
2025. 01. 10. 22:58:51	Gathering synonyms
2025. 01. 10. 22:58:51	Gathering defaults
2025. 01. 10. 22:58:51	Gathering data constraint uddt bindings
2025. 01. 10. 22:58:51	Gathering rules
2025. 01. 10. 22:58:51	Gathering data constraint uddt bindings
2025. 01. 10. 22:58:51	Gathering message types
2025. 01. 10. 22:58:51	Gathering queues
2025. 01. 10. 22:58:51	Gathering contracts
2025. 01. 10. 22:58:51	Gathering services
2025. 01. 10. 22:58:51	Gathering event notifications
2025. 01. 10. 22:58:51	Gathering remote service bindings
2025. 01. 10. 22:58:51	Gathering broker priorities
2025. 01. 10. 22:58:51	Gathering signatures
2025. 01. 10. 22:58:51	Gathering compression options
2025. 01. 10. 22:58:51	Gathering sequence types
2025. 01. 10. 22:58:51	Gathering security policies
2025. 01. 10. 22:58:51	Gather column encryption keys
2025. 01. 10. 22:58:51	Gathering column master keys
2025. 01. 10. 22:58:51	Gathering external data sources
2025. 01. 10. 22:58:51	Gathering external file formats
2025. 01. 10. 22:58:51	Gathering external tables
2025. 01. 10. 22:58:51	Gathering XML index compression options
2025. 01. 10. 22:58:51	Gathering extended properties
2025. 01. 10. 22:58:51	Gathering assemblies
2025. 01. 10. 22:58:51	Gathering credentials
2025. 01. 10. 22:58:51	Gathering logins
2025. 01. 10. 22:58:51	Gathering server audits
2025. 01. 10. 22:58:52	Finished importing database.
2025. 01. 10. 22:58:52	A summary of the import was saved to the following location: D:\Projects\Knorr-Példa\NewsFeedApp\NewsDB\Import Schema Logs\NewsDB_20250110095847.log
2025. 01. 10. 22:58:52	Click Finish to continue...
